<?xml version="1.0" encoding="UTF-8"?>
<!-- Generated by org.testng.reporters.JUnitReportReporter -->
<testsuite hostname="mds-MacBook-Pro.local" failures="0" tests="1" name="TestCases.GetWindowHandles" time="11.978" errors="0" timestamp="02 Feb 2019 15:49:47 GMT" skipped="0">
  <testcase classname="TestCases.GetWindowHandles" name="userAbleToValidateUserNameInputField" time="11.978"/>
</testsuite> <!-- TestCases.GetWindowHandles -->
