<?xml version="1.0" encoding="UTF-8"?>
<!-- Generated by org.testng.reporters.JUnitReportReporter -->
<testsuite hostname="mds-MacBook-Pro.local" failures="0" tests="1" name="TestCases.UserAbleToValidateUserNameInputField" time="10.873" errors="0" timestamp="03 Feb 2019 16:47:58 GMT" skipped="0">
  <testcase classname="TestCases.UserAbleToValidateUserNameInputField" name="userAbleToValidateUserNameInputField" time="10.873"/>
</testsuite> <!-- TestCases.UserAbleToValidateUserNameInputField -->
