<?xml version="1.0" encoding="UTF-8"?>
<!-- Generated by org.testng.reporters.JUnitReportReporter -->
<testsuite hostname="mds-MacBook-Pro.local" failures="0" tests="1" name="UserAbleToValidateUserNameInputField" time="13.388" errors="0" timestamp="27 Jan 2019 16:54:31 GMT" skipped="0">
  <testcase classname="UserAbleToValidateUserNameInputField" name="userAbleToValidateUserNameInputField" time="13.388"/>
</testsuite> <!-- UserAbleToValidateUserNameInputField -->
